Using pre-set license
Built from '2020.3/release' branch; Version is '2020.3.7f1 (dd97f2c94397) revision 14522354'; Using compiler version '192528614'; Build Type 'Release'
OS: 'Windows 10 Home; OS build 19042.1466; Version 2009; 64bit' Language: 'en' Physical Memory: 8034 MB
BatchMode: 1, IsHumanControllingUs: 0, StartBugReporterOnCrash: 0, Is64bit: 1, IsPro: 0

 COMMAND LINE ARGUMENTS:
C:\Program Files\Unity\Hub\Editor\2020.3.7f1\Editor\Unity.exe
-adb2
-batchMode
-noUpm
-name
AssetImportWorker0
-projectPath
C:/Users/oedsd/Desktop/GGJ/Global Gamejam 2022
-logFile
Logs/AssetImportWorker0.log
-srvPort
50045
Successfully changed project path to: C:/Users/oedsd/Desktop/GGJ/Global Gamejam 2022
C:/Users/oedsd/Desktop/GGJ/Global Gamejam 2022
Using Asset Import Pipeline V2.
Refreshing native plugins compatible for Editor in 20.13 ms, found 0 plugins.
Preloading 0 native plugins for Editor in 0.00 ms.
Initialize engine version: 2020.3.7f1 (dd97f2c94397)
[Subsystems] Discovering subsystems at path C:/Program Files/Unity/Hub/Editor/2020.3.7f1/Editor/Data/Resources/UnitySubsystems
[Subsystems] Discovering subsystems at path C:/Users/oedsd/Desktop/GGJ/Global Gamejam 2022/Assets
GfxDevice: creating device client; threaded=0
Direct3D:
    Version:  Direct3D 11.0 [level 11.1]
    Renderer: NVIDIA GeForce GTX 1050 (ID=0x1c8d)
    Vendor:   
    VRAM:     4019 MB
    Driver:   30.0.14.7212
Initialize mono
Mono path[0] = 'C:/Program Files/Unity/Hub/Editor/2020.3.7f1/Editor/Data/Managed'
Mono path[1] = 'C:/Program Files/Unity/Hub/Editor/2020.3.7f1/Editor/Data/MonoBleedingEdge/lib/mono/unityjit'
Mono config path = 'C:/Program Files/Unity/Hub/Editor/2020.3.7f1/Editor/Data/MonoBleedingEdge/etc'
Using monoOptions --debugger-agent=transport=dt_socket,embedding=1,server=y,suspend=n,address=127.0.0.1:56596
Begin MonoManager ReloadAssembly
Registering precompiled unity dll's ...
Register platform support module: C:/Program Files/Unity/Hub/Editor/2020.3.7f1/Editor/Data/PlaybackEngines/WindowsStandaloneSupport/UnityEditor.WindowsStandalone.Extensions.dll
Registered in 0.001894 seconds.
Native extension for WindowsStandalone target not found
Refreshing native plugins compatible for Editor in 20.31 ms, found 0 plugins.
Preloading 0 native plugins for Editor in 0.00 ms.
Mono: successfully reloaded assembly
- Completed reload, in  0.935 seconds
Platform modules already initialized, skipping
Registering precompiled user dll's ...
Registered in 0.000656 seconds.
Begin MonoManager ReloadAssembly
Native extension for WindowsStandalone target not found
Refreshing native plugins compatible for Editor in 0.19 ms, found 0 plugins.
Preloading 0 native plugins for Editor in 0.00 ms.
Mono: successfully reloaded assembly
- Completed reload, in  0.732 seconds
Platform modules already initialized, skipping
========================================================================
Worker process is ready to serve import requests
Launched and connected shader compiler UnityShaderCompiler.exe after 0.05 seconds
Refreshing native plugins compatible for Editor in 0.19 ms, found 0 plugins.
Preloading 0 native plugins for Editor in 0.00 ms.
Unloading 1115 Unused Serialized files (Serialized files now loaded: 0)
System memory in use before: 57.1 MB.
System memory in use after: 57.2 MB.

Unloading 10 unused Assets to reduce memory usage. Loaded Objects now: 1557.
Total: 2.149000 ms (FindLiveObjects: 0.157000 ms CreateObjectMapping: 0.041100 ms MarkObjects: 1.861200 ms  DeleteObjects: 0.088800 ms)

========================================================================
Received Import Request.
  path: Assets/Scenes
  artifactKey: Guid(73f556cd5389d624b9d0e9e2790e368f) Importer(815301076,1909f56bfc062723c751e8b465ee728b)
Start importing Assets/Scenes using Guid(73f556cd5389d624b9d0e9e2790e368f) Importer(815301076,1909f56bfc062723c751e8b465ee728b)  -> (artifact id: '1b375929006fbed0567a5a834d15f96f') in 0.008459 seconds
  Import took 0.010646 seconds .

========================================================================
Received Import Request.
  Time since last request: 0.000334 seconds.
  path: Assets/Scenes/SampleScene.unity
  artifactKey: Guid(9fc0d4010bbf28b4594072e72b8655ab) Importer(815301076,1909f56bfc062723c751e8b465ee728b)
Start importing Assets/Scenes/SampleScene.unity using Guid(9fc0d4010bbf28b4594072e72b8655ab) Importer(815301076,1909f56bfc062723c751e8b465ee728b)  -> (artifact id: '73375568fee951cd03f03eadad72722f') in 0.014739 seconds
  Import took 0.016859 seconds .

========================================================================
Received Import Request.
  Time since last request: 3.236901 seconds.
  path: Assets/Scenes/Main.unity
  artifactKey: Guid(9fc0d4010bbf28b4594072e72b8655ab) Importer(815301076,1909f56bfc062723c751e8b465ee728b)
Start importing Assets/Scenes/Main.unity using Guid(9fc0d4010bbf28b4594072e72b8655ab) Importer(815301076,1909f56bfc062723c751e8b465ee728b)  -> (artifact id: '18196bc1bcfbc2bfbde86765e62f4abf') in 0.007402 seconds
  Import took 0.010819 seconds .

========================================================================
Received Import Request.
  Time since last request: 0.000266 seconds.
  path: Assets/Scenes/Main.unity
  artifactKey: Guid(9fc0d4010bbf28b4594072e72b8655ab) Importer(815301076,1909f56bfc062723c751e8b465ee728b)
Start importing Assets/Scenes/Main.unity using Guid(9fc0d4010bbf28b4594072e72b8655ab) Importer(815301076,1909f56bfc062723c751e8b465ee728b)  -> (artifact id: '18196bc1bcfbc2bfbde86765e62f4abf') in 0.003107 seconds
  Import took 0.006464 seconds .

========================================================================
Received Import Request.
  Time since last request: 3.610109 seconds.
  path: Assets/Scenes/Main 1.unity
  artifactKey: Guid(909005b43dfa99341b41057f1a05d312) Importer(815301076,1909f56bfc062723c751e8b465ee728b)
Start importing Assets/Scenes/Main 1.unity using Guid(909005b43dfa99341b41057f1a05d312) Importer(815301076,1909f56bfc062723c751e8b465ee728b)  -> (artifact id: '0dbbde20e680078fb49f159d81888338') in 0.007793 seconds
  Import took 0.010224 seconds .

========================================================================
Received Import Request.
  Time since last request: 0.713803 seconds.
  path: Assets/Scenes/Main 2.unity
  artifactKey: Guid(9beec12e0ee56dc41825090b464282a1) Importer(815301076,1909f56bfc062723c751e8b465ee728b)
Start importing Assets/Scenes/Main 2.unity using Guid(9beec12e0ee56dc41825090b464282a1) Importer(815301076,1909f56bfc062723c751e8b465ee728b)  -> (artifact id: '0baa13e3b6044a476a17647dded64abc') in 0.007463 seconds
  Import took 0.009905 seconds .

========================================================================
Received Import Request.
  Time since last request: 0.347661 seconds.
  path: Assets/Scenes/Main 3.unity
  artifactKey: Guid(a23b8822578119440b28b18c75509ae3) Importer(815301076,1909f56bfc062723c751e8b465ee728b)
Start importing Assets/Scenes/Main 3.unity using Guid(a23b8822578119440b28b18c75509ae3) Importer(815301076,1909f56bfc062723c751e8b465ee728b)  -> (artifact id: '75fd89ad033d8a077c59757041b1151a') in 0.007565 seconds
  Import took 0.009640 seconds .

========================================================================
Received Import Request.
  Time since last request: 0.342559 seconds.
  path: Assets/Scenes/Main 4.unity
  artifactKey: Guid(7564233eb77a82a4f85cc71553bc0390) Importer(815301076,1909f56bfc062723c751e8b465ee728b)
Start importing Assets/Scenes/Main 4.unity using Guid(7564233eb77a82a4f85cc71553bc0390) Importer(815301076,1909f56bfc062723c751e8b465ee728b)  -> (artifact id: '01632b17bf3294084973c985d0453f02') in 0.008479 seconds
  Import took 0.011007 seconds .

========================================================================
Received Import Request.
  Time since last request: 2.415609 seconds.
  path: Assets/Scenes/Oeds.unity
  artifactKey: Guid(909005b43dfa99341b41057f1a05d312) Importer(815301076,1909f56bfc062723c751e8b465ee728b)
Start importing Assets/Scenes/Oeds.unity using Guid(909005b43dfa99341b41057f1a05d312) Importer(815301076,1909f56bfc062723c751e8b465ee728b)  -> (artifact id: '33c168f2dfa0573dc19239505c27c9ae') in 0.008371 seconds
  Import took 0.012128 seconds .

========================================================================
Received Import Request.
  Time since last request: 2.087890 seconds.
  path: Assets/Scenes/Jack.unity
  artifactKey: Guid(9beec12e0ee56dc41825090b464282a1) Importer(815301076,1909f56bfc062723c751e8b465ee728b)
Start importing Assets/Scenes/Jack.unity using Guid(9beec12e0ee56dc41825090b464282a1) Importer(815301076,1909f56bfc062723c751e8b465ee728b)  -> (artifact id: 'd11465ec215ee873fdc1f33df34804d2') in 0.006968 seconds
  Import took 0.010901 seconds .

========================================================================
Received Import Request.
  Time since last request: 2.250749 seconds.
  path: Assets/Scenes/Mike.unity
  artifactKey: Guid(a23b8822578119440b28b18c75509ae3) Importer(815301076,1909f56bfc062723c751e8b465ee728b)
Start importing Assets/Scenes/Mike.unity using Guid(a23b8822578119440b28b18c75509ae3) Importer(815301076,1909f56bfc062723c751e8b465ee728b)  -> (artifact id: '41749e210d8a59aafdbc0b9ad5f8d7da') in 0.007728 seconds
  Import took 0.010165 seconds .

========================================================================
Received Import Request.
  Time since last request: 3.365894 seconds.
  path: Assets/Scenes/Stan.unity
  artifactKey: Guid(7564233eb77a82a4f85cc71553bc0390) Importer(815301076,1909f56bfc062723c751e8b465ee728b)
Start importing Assets/Scenes/Stan.unity using Guid(7564233eb77a82a4f85cc71553bc0390) Importer(815301076,1909f56bfc062723c751e8b465ee728b)  -> (artifact id: '1bfff07d59216e9171ef6bc4d28ca909') in 0.006557 seconds
  Import took 0.009459 seconds .

========================================================================
Received Import Request.
  Time since last request: 15.164417 seconds.
  path: Assets/Scruots
  artifactKey: Guid(26ae5a412894efb4aad96c79d6ef89b5) Importer(815301076,1909f56bfc062723c751e8b465ee728b)
Start importing Assets/Scruots using Guid(26ae5a412894efb4aad96c79d6ef89b5) Importer(815301076,1909f56bfc062723c751e8b465ee728b)  -> (artifact id: '60580a0f93d0166319779fecade30a7c') in 0.007406 seconds
  Import took 0.009391 seconds .

========================================================================
Received Import Request.
  Time since last request: 1.837275 seconds.
  path: Assets/Scripts
  artifactKey: Guid(26ae5a412894efb4aad96c79d6ef89b5) Importer(815301076,1909f56bfc062723c751e8b465ee728b)
Start importing Assets/Scripts using Guid(26ae5a412894efb4aad96c79d6ef89b5) Importer(815301076,1909f56bfc062723c751e8b465ee728b)  -> (artifact id: '397baab1538f39f6a7c57b8e1354cecf') in 0.007531 seconds
  Import took 0.009566 seconds .

========================================================================
Received Import Request.
  Time since last request: 2.368269 seconds.
  path: Assets/Scripts 1
  artifactKey: Guid(872bc9907c6fe414b9d4a1fe480b9a94) Importer(815301076,1909f56bfc062723c751e8b465ee728b)
Start importing Assets/Scripts 1 using Guid(872bc9907c6fe414b9d4a1fe480b9a94) Importer(815301076,1909f56bfc062723c751e8b465ee728b)  -> (artifact id: '8a96b9a089bcc79cb0077420c463481e') in 0.007331 seconds
  Import took 0.011300 seconds .

========================================================================
Received Import Request.
  Time since last request: 0.323025 seconds.
  path: Assets/Scripts 2
  artifactKey: Guid(61b8fdbd5a586fa4597595700f43d63d) Importer(815301076,1909f56bfc062723c751e8b465ee728b)
Start importing Assets/Scripts 2 using Guid(61b8fdbd5a586fa4597595700f43d63d) Importer(815301076,1909f56bfc062723c751e8b465ee728b)  -> (artifact id: '20896e4ca03b7a628add23ead7f94841') in 0.009038 seconds
  Import took 0.011401 seconds .

========================================================================
Received Import Request.
  Time since last request: 0.187500 seconds.
  path: Assets/Scripts 3
  artifactKey: Guid(6d16c3056f868f44fb37279675f76ad3) Importer(815301076,1909f56bfc062723c751e8b465ee728b)
Start importing Assets/Scripts 3 using Guid(6d16c3056f868f44fb37279675f76ad3) Importer(815301076,1909f56bfc062723c751e8b465ee728b)  -> (artifact id: '97648dd20d6c05135618d11ec4a690ae') in 0.008013 seconds
  Import took 0.011181 seconds .

========================================================================
Received Import Request.
  Time since last request: 0.189944 seconds.
  path: Assets/Scripts 4
  artifactKey: Guid(c4f9d278596b99449889f882b4150853) Importer(815301076,1909f56bfc062723c751e8b465ee728b)
Start importing Assets/Scripts 4 using Guid(c4f9d278596b99449889f882b4150853) Importer(815301076,1909f56bfc062723c751e8b465ee728b)  -> (artifact id: '536299376263c964441162f1ba891967') in 0.008712 seconds
  Import took 0.011043 seconds .

========================================================================
Received Import Request.
  Time since last request: 0.315701 seconds.
  path: Assets/Scripts 5
  artifactKey: Guid(93f2ee96e3bf84b4daa1fa79e81ce642) Importer(815301076,1909f56bfc062723c751e8b465ee728b)
Start importing Assets/Scripts 5 using Guid(93f2ee96e3bf84b4daa1fa79e81ce642) Importer(815301076,1909f56bfc062723c751e8b465ee728b)  -> (artifact id: 'f98ec0cbfe74ddc866ae2e5892f20001') in 0.006305 seconds
  Import took 0.010497 seconds .

========================================================================
Received Import Request.
  Time since last request: 2.352263 seconds.
  path: Assets/Art
  artifactKey: Guid(872bc9907c6fe414b9d4a1fe480b9a94) Importer(815301076,1909f56bfc062723c751e8b465ee728b)
Start importing Assets/Art using Guid(872bc9907c6fe414b9d4a1fe480b9a94) Importer(815301076,1909f56bfc062723c751e8b465ee728b)  -> (artifact id: '9c2ae2d03bb7a40937652730e4e6e26a') in 0.006745 seconds
  Import took 0.010178 seconds .

========================================================================
Received Import Request.
  Time since last request: 9.282963 seconds.
  path: Assets/Art/Textures
  artifactKey: Guid(a9357ad8e2faacb4786221a3b7d1c662) Importer(815301076,1909f56bfc062723c751e8b465ee728b)
Start importing Assets/Art/Textures using Guid(a9357ad8e2faacb4786221a3b7d1c662) Importer(815301076,1909f56bfc062723c751e8b465ee728b)  -> (artifact id: '74654fd7eb5b03c35733a65230883e70') in 0.007801 seconds
  Import took 0.010026 seconds .

========================================================================
Received Import Request.
  Time since last request: 1.143680 seconds.
  path: Assets/Art/Textures 1
  artifactKey: Guid(6dc765b5cbb58fc47b95bade37709475) Importer(815301076,1909f56bfc062723c751e8b465ee728b)
Start importing Assets/Art/Textures 1 using Guid(6dc765b5cbb58fc47b95bade37709475) Importer(815301076,1909f56bfc062723c751e8b465ee728b)  -> (artifact id: '2e05c71890682b511d81b82d7b29fe34') in 0.006438 seconds
  Import took 0.008461 seconds .

========================================================================
Received Import Request.
  Time since last request: 1.941965 seconds.
  path: Assets/Art/Models
  artifactKey: Guid(6dc765b5cbb58fc47b95bade37709475) Importer(815301076,1909f56bfc062723c751e8b465ee728b)
Start importing Assets/Art/Models using Guid(6dc765b5cbb58fc47b95bade37709475) Importer(815301076,1909f56bfc062723c751e8b465ee728b)  -> (artifact id: '88428f69a78327e6b0fe11edbdbdeac4') in 0.006865 seconds
  Import took 0.010354 seconds .

========================================================================
Received Import Request.
  Time since last request: 30.822378 seconds.
  path: Assets/Packages
  artifactKey: Guid(61b8fdbd5a586fa4597595700f43d63d) Importer(815301076,1909f56bfc062723c751e8b465ee728b)
Start importing Assets/Packages using Guid(61b8fdbd5a586fa4597595700f43d63d) Importer(815301076,1909f56bfc062723c751e8b465ee728b)  -> (artifact id: 'f4f2a040e7149bf0bd69b7b99285b01c') in 0.006199 seconds
  Import took 0.008326 seconds .

========================================================================
Received Import Request.
  Time since last request: 25.510865 seconds.
  path: Assets/Audio
  artifactKey: Guid(6d16c3056f868f44fb37279675f76ad3) Importer(815301076,1909f56bfc062723c751e8b465ee728b)
Start importing Assets/Audio using Guid(6d16c3056f868f44fb37279675f76ad3) Importer(815301076,1909f56bfc062723c751e8b465ee728b)  -> (artifact id: '13cb74c3f930aa304c301cf479286aab') in 0.007417 seconds
  Import took 0.009473 seconds .

========================================================================
Received Import Request.
  Time since last request: 7.858139 seconds.
  path: Assets/Prefabs
  artifactKey: Guid(c4f9d278596b99449889f882b4150853) Importer(815301076,1909f56bfc062723c751e8b465ee728b)
Start importing Assets/Prefabs using Guid(c4f9d278596b99449889f882b4150853) Importer(815301076,1909f56bfc062723c751e8b465ee728b)  -> (artifact id: '2c1fdf58b0365a13d795ab001df545a0') in 0.006942 seconds
  Import took 0.009263 seconds .

========================================================================
Received Import Request.
  Time since last request: 6.907240 seconds.
  path: Assets/Art/Textures 1
  artifactKey: Guid(53a580412574d7e4da953680921eb827) Importer(815301076,1909f56bfc062723c751e8b465ee728b)
Start importing Assets/Art/Textures 1 using Guid(53a580412574d7e4da953680921eb827) Importer(815301076,1909f56bfc062723c751e8b465ee728b)  -> (artifact id: 'bf9b3068d6c5c80c91bea392289f6601') in 0.005614 seconds
  Import took 0.007711 seconds .

========================================================================
Received Import Request.
  Time since last request: 3.679557 seconds.
  path: Assets/Art/Materials
  artifactKey: Guid(53a580412574d7e4da953680921eb827) Importer(815301076,1909f56bfc062723c751e8b465ee728b)
Start importing Assets/Art/Materials using Guid(53a580412574d7e4da953680921eb827) Importer(815301076,1909f56bfc062723c751e8b465ee728b)  -> (artifact id: 'f351ce17b8592f470cfb0ab421f90d7c') in 0.007066 seconds
  Import took 0.009515 seconds .

AssetImportWorkerClient::OnTransportError - code=2 error=End of file
